<?xml version="1.0" encoding="UTF-8"?>
<!-- Generated by org.testng.reporters.JUnitReportReporter -->
<testsuite hostname="L-INE-7DDSCL3" failures="0" tests="1" name="SeleniumTesting.AddToCart_ConfrimMessage" time="18.246" errors="0" timestamp="2024-06-26T22:41:51 IST" skipped="0">
  <testcase classname="SeleniumTesting.AddToCart_ConfrimMessage" name="submitOrder" time="18.246"/>
</testsuite> <!-- SeleniumTesting.AddToCart_ConfrimMessage -->
