<?xml version="1.0" encoding="UTF-8"?>
<!-- Generated by org.testng.reporters.JUnitReportReporter -->
<testsuite hostname="L-INE-7DDSCL3" failures="0" tests="1" name="SeleniumTesting.LoginErrorValidation" time="4.568" errors="0" timestamp="2024-06-26T00:22:18 IST" skipped="0">
  <testcase classname="SeleniumTesting.LoginErrorValidation" name="erroValid" time="4.568"/>
</testsuite> <!-- SeleniumTesting.LoginErrorValidation -->
