<?xml version="1.0" encoding="UTF-8"?>
<!-- Generated by org.testng.reporters.JUnitReportReporter -->
<testsuite hostname="L-INE-7DDSCL3" failures="0" tests="3" name="SeleniumTesting.SubmitOrderTest" time="29.004" errors="0" timestamp="2024-07-03T00:12:51 IST" skipped="0">
  <testcase classname="SeleniumTesting.SubmitOrderTest" name="submitOrder" time="18.920"/>
  <testcase classname="SeleniumTesting.SubmitOrderTest" name="OrderHistoryTest" time="3.298"/>
  <testcase classname="SeleniumTesting.SubmitOrderTest" name="submitOrder" time="6.786"/>
</testsuite> <!-- SeleniumTesting.SubmitOrderTest -->
