<?xml version="1.0" encoding="UTF-8"?>
<!-- Generated by org.testng.reporters.JUnitReportReporter -->
<testsuite hostname="L-INE-7DDSCL3" failures="0" tests="2" name="SeleniumTesting.ErrorValidationTest" time="21.400" errors="0" timestamp="2024-07-08T00:18:41 IST" skipped="0">
  <testcase classname="SeleniumTesting.ErrorValidationTest" name="erroValidLoginPage" time="5.198"/>
  <testcase classname="SeleniumTesting.ErrorValidationTest" name="productNameValidation" time="16.202"/>
</testsuite> <!-- SeleniumTesting.ErrorValidationTest -->
