<?xml version="1.0" encoding="UTF-8"?>
<!-- Generated by org.testng.reporters.JUnitReportReporter -->
<testsuite hostname="L-INE-7DDSCL3" failures="0" tests="3" name="SeleniumTesting.SubmitOrderTest" time="29.373" errors="0" timestamp="2024-07-08T00:18:41 IST" skipped="0">
  <testcase classname="SeleniumTesting.SubmitOrderTest" name="submitOrder" time="18.017"/>
  <testcase classname="SeleniumTesting.SubmitOrderTest" name="submitOrder" time="6.077"/>
  <testcase classname="SeleniumTesting.SubmitOrderTest" name="OrderHistoryTest" time="5.279"/>
</testsuite> <!-- SeleniumTesting.SubmitOrderTest -->
